<?xml version="1.0" encoding="UTF-8"?>
<!-- Generated by org.testng.reporters.JUnitReportReporter -->
<testsuite hostname="Win10-2-205" failures="0" tests="10" name="restassuredtestcases.Get_Post_Request_assignment8" time="15.698" errors="0" timestamp="2022-01-21T16:55:38 IST" skipped="9">
  <testcase classname="restassuredtestcases.Get_Post_Request_assignment8" name="endToEndAPITest" time="15.698"/>
  <system-out/>
  <testcase classname="restassuredtestcases.Get_Post_Request_assignment8" name="testValidateGetSingleResourceNotFound">
    <skipped/>
  </testcase> <!-- testValidateGetSingleResourceNotFound -->
  <system-out/>
  <testcase classname="restassuredtestcases.Get_Post_Request_assignment8" name="testPostRegisterUnSuccessfull">
    <skipped/>
  </testcase> <!-- testPostRegisterUnSuccessfull -->
  <system-out/>
  <testcase classname="restassuredtestcases.Get_Post_Request_assignment8" name="testGetSingleUserData">
    <skipped/>
  </testcase> <!-- testGetSingleUserData -->
  <system-out/>
  <testcase classname="restassuredtestcases.Get_Post_Request_assignment8" name="testValidateGetSingleResourceData">
    <skipped/>
  </testcase> <!-- testValidateGetSingleResourceData -->
  <system-out/>
  <testcase classname="restassuredtestcases.Get_Post_Request_assignment8" name="testPostLoginUnSuccessfull">
    <skipped/>
  </testcase> <!-- testPostLoginUnSuccessfull -->
  <system-out/>
  <testcase classname="restassuredtestcases.Get_Post_Request_assignment8" name="testValidateGetListResourceData">
    <skipped/>
  </testcase> <!-- testValidateGetListResourceData -->
  <system-out/>
  <testcase classname="restassuredtestcases.Get_Post_Request_assignment8" name="testValidateGetUserNotFound">
    <skipped/>
  </testcase> <!-- testValidateGetUserNotFound -->
  <system-out/>
  <testcase classname="restassuredtestcases.Get_Post_Request_assignment8" name="testPostLoginSuccessfull">
    <skipped/>
  </testcase> <!-- testPostLoginSuccessfull -->
  <system-out/>
  <testcase classname="restassuredtestcases.Get_Post_Request_assignment8" name="testPostRegisterSuccessfull">
    <skipped/>
  </testcase> <!-- testPostRegisterSuccessfull -->
  <system-out/>
</testsuite> <!-- restassuredtestcases.Get_Post_Request_assignment8 -->
