<?xml version="1.0" encoding="UTF-8"?>
<!-- Generated by org.testng.reporters.JUnitReportReporter -->
<testsuite hostname="Win10-2-205" failures="0" tests="7" name="restassuredtestcases.GetRequestCucumberStyle" time="11.397" errors="0" timestamp="2022-01-21T10:43:34 IST" skipped="0">
  <testcase classname="restassuredtestcases.GetRequestCucumberStyle" name="testValidateGetUserNotFound" time="0.995"/>
  <system-out/>
  <testcase classname="restassuredtestcases.GetRequestCucumberStyle" name="testValidateGetListResourceData" time="1.111"/>
  <system-out/>
  <testcase classname="restassuredtestcases.GetRequestCucumberStyle" name="testValidateGetUserlistData" time="1.080"/>
  <system-out/>
  <testcase classname="restassuredtestcases.GetRequestCucumberStyle" name="testValidateGetSingleUserNotFound" time="0.974"/>
  <system-out/>
  <testcase classname="restassuredtestcases.GetRequestCucumberStyle" name="testGetSingleUserData" time="5.203"/>
  <system-out/>
  <testcase classname="restassuredtestcases.GetRequestCucumberStyle" name="testGetUsersList" time="1.018"/>
  <system-out/>
  <testcase classname="restassuredtestcases.GetRequestCucumberStyle" name="testValidateGetSingleResourceData" time="1.016"/>
  <system-out/>
</testsuite> <!-- restassuredtestcases.GetRequestCucumberStyle -->
