<?xml version="1.0" encoding="UTF-8"?>
<!-- Generated by org.testng.reporters.JUnitReportReporter -->
<testsuite hostname="Win10-2-205" failures="0" tests="1" name="restassuredtestcases.PutRequest" time="3.977" errors="0" timestamp="2022-01-20T16:50:16 IST" skipped="0">
  <testcase classname="restassuredtestcases.PutRequest" name="testPutCreatedUSer" time="3.977"/>
  <system-out/>
</testsuite> <!-- restassuredtestcases.PutRequest -->
