<?xml version="1.0" encoding="UTF-8"?>
<!-- Generated by org.testng.reporters.JUnitReportReporter -->
<testsuite hostname="Win10-2-205" failures="0" tests="1" name="restassuredtestcases.ExtractValuesFromResponses" time="5.317" errors="0" timestamp="2022-01-21T14:43:16 IST" skipped="0">
  <testcase classname="restassuredtestcases.ExtractValuesFromResponses" name="test" time="5.317"/>
  <system-out/>
</testsuite> <!-- restassuredtestcases.ExtractValuesFromResponses -->
