<?xml version="1.0" encoding="UTF-8"?>
<!-- Generated by org.testng.reporters.JUnitReportReporter -->
<testsuite hostname="Win10-2-205" failures="0" tests="5" name="restassuredtestcases.PostRequest" time="10.866" errors="0" timestamp="2022-01-21T12:08:00 IST" skipped="0">
  <testcase classname="restassuredtestcases.PostRequest" name="testPostRegisterSuccessfully" time="1.076"/>
  <system-out/>
  <testcase classname="restassuredtestcases.PostRequest" name="testPostLoginSuccessfully" time="1.139"/>
  <system-out/>
  <testcase classname="restassuredtestcases.PostRequest" name="testPostRegisterUnSuccessfully" time="1.090"/>
  <system-out/>
  <testcase classname="restassuredtestcases.PostRequest" name="testPostCreateUSer" time="4.609"/>
  <system-out/>
  <testcase classname="restassuredtestcases.PostRequest" name="testPostLoginUnSuccessfully" time="2.952"/>
  <system-out/>
</testsuite> <!-- restassuredtestcases.PostRequest -->
