<?xml version="1.0" encoding="UTF-8"?>
<!-- Generated by org.testng.reporters.JUnitReportReporter -->
<testsuite hostname="Win10-2-205" failures="0" tests="2" name="restassuredtestcases.GetRequest" time="3.916" errors="0" timestamp="2022-01-19T17:41:55 IST" skipped="0">
  <testcase classname="restassuredtestcases.GetRequest" name="testGetUsersList" time="0.388"/>
  <system-out/>
  <testcase classname="restassuredtestcases.GetRequest" name="testGetUserDetails" time="3.528"/>
  <system-out/>
</testsuite> <!-- restassuredtestcases.GetRequest -->
