<?xml version="1.0" encoding="UTF-8"?>
<!-- Generated by org.testng.reporters.JUnitReportReporter -->
<testsuite hostname="Win10-2-205" failures="0" tests="5" name="restassuredtestcases.getrequest_assignment8" time="9.529" errors="0" timestamp="2022-01-21T12:09:58 IST" skipped="0">
  <testcase classname="restassuredtestcases.getrequest_assignment8" name="testValidateGetUserNotFound" time="0.986"/>
  <system-out/>
  <testcase classname="restassuredtestcases.getrequest_assignment8" name="testValidateGetSingleResourceData" time="1.057"/>
  <system-out/>
  <testcase classname="restassuredtestcases.getrequest_assignment8" name="testValidateGetListResourceData" time="1.228"/>
  <system-out/>
  <testcase classname="restassuredtestcases.getrequest_assignment8" name="testValidateGetSingleUserNotFound" time="1.065"/>
  <system-out/>
  <testcase classname="restassuredtestcases.getrequest_assignment8" name="testGetSingleUserData" time="5.193"/>
  <system-out/>
</testsuite> <!-- restassuredtestcases.getrequest_assignment8 -->
